<?xml version="1.0" encoding="UTF-8"?>
<testng-results skipped="0" failed="0" total="2" passed="2">
  <reporter-output>
    <line>
      <![CDATA[hiiii]]>
    </line>
    <line>
      <![CDATA[hello]]>
    </line>
    <line>
      <![CDATA[bye]]>
    </line>
    <line>
      <![CDATA[hello]]>
    </line>
  </reporter-output>
  <suite name="Suite" duration-ms="80" started-at="2019-04-15T10:29:55Z" finished-at="2019-04-15T10:29:55Z">
    <groups>
    </groups>
    <test name="Test" duration-ms="80" started-at="2019-04-15T10:29:55Z" finished-at="2019-04-15T10:29:55Z">
      <class name="testPackageA.demo2">
        <test-method status="PASS" signature="gopi()[pri:0, instance:testPackageA.demo2@6a024a67]" name="gopi" duration-ms="5" started-at="2019-04-15T15:59:55Z" finished-at="2019-04-15T15:59:55Z">
          <reporter-output>
            <line>
              <![CDATA[bye]]>
            </line>
            <line>
              <![CDATA[hello]]>
            </line>
          </reporter-output>
        </test-method> <!-- gopi -->
      </class> <!-- testPackageA.demo2 -->
      <class name="testPackage.demoClass">
        <test-method status="PASS" signature="gopi()[pri:0, instance:testPackage.demoClass@458ad742]" name="gopi" duration-ms="13" started-at="2019-04-15T15:59:55Z" finished-at="2019-04-15T15:59:55Z">
          <reporter-output>
            <line>
              <![CDATA[hiiii]]>
            </line>
            <line>
              <![CDATA[hello]]>
            </line>
          </reporter-output>
        </test-method> <!-- gopi -->
      </class> <!-- testPackage.demoClass -->
    </test> <!-- Test -->
  </suite> <!-- Suite -->
</testng-results>
